This is pdfTeX, Version 3.14159265-2.6-1.40.21 (TeX Live 2020) (preloaded format=pdflatex 2020.11.5)  25 NOV 2020 18:22
entering extended mode
 restricted \write18 enabled.
 file:line:error style messages enabled.
 %&-line parsing enabled.
**def.tex
(./def.tex
LaTeX2e <2020-10-01> patch level 2
L3 programming layer <2020-10-27> xparse <2020-03-03>
./def.tex:1: Undefined control sequence.
l.1 \subsection
               {GSVD in LAPACK and JuliaX.X} \label{def}
? 
./def.tex:1: Emergency stop.
l.1 \subsection
               {GSVD in LAPACK and JuliaX.X} \label{def}
End of file on the terminal!

 
Here is how much of TeX's memory you used:
 15 strings out of 479485
 363 string characters out of 5871978
 265532 words of memory out of 5000000
 17127 multiletter control sequences out of 15000+600000
 535088 words of font info for 29 fonts, out of 8000000 for 9000
 1141 hyphenation exceptions out of 8191
 13i,0n,15p,91b,10s stack positions out of 5000i,500n,10000p,200000b,80000s
./def.tex:1:  ==> Fatal error occurred, no output PDF file produced!
